app/build/intermediates/manifest_merge_blame_file/debug/manifest-merger-blame-debug-report.txt
1<?xml version="1.0" encoding="utf-8"?>
2<!--
3  ~ Created By Rajat Gupta And Harshita Joshi 
4  ~
5  ~ Licensed under the Apache License, Version 2.0 (the "License");
6  ~ you may not use this file except in compliance with the License.
7  ~ You may obtain a copy of the License at
8  ~
9  ~    http://www.apache.org/licenses/LICENSE-2.0
10  ~
11  ~ Unless required by applicable law or agreed to in writing, software
12  ~ distributed under the License is distributed on an "AS IS" BASIS,
13  ~ WITHOUT WARRANTIES OR CONDITIONS OF ANY KIND, either express or implied.
14  ~ See the License for the specific language governing permissions and
15  ~ limitations under the License.
16-->
17<manifest xmlns:android="http://schemas.android.com/apk/res/android"
18    package="com.example.store_keeper.storeapp"
19    android:versionCode="1"
20    android:versionName="1.0" >
21
22    <uses-sdk
23        android:minSdkVersion="15"
23-->src\main\AndroidManifest.xml
24        android:targetSdkVersion="27" />
24-->src\main\AndroidManifest.xml
25
26    <!-- Uses Camera to take pictures of the Products -->
27    <uses-feature
27-->src\main\AndroidManifest.xml:22:5-24:35
28        android:name="android.hardware.camera"
28-->src\main\AndroidManifest.xml:23:9-47
29        android:required="true" />
29-->src\main\AndroidManifest.xml:24:9-32
30
31    <!-- Access to private external storage required for reading/saving the images -->
32    <uses-permission
32-->src\main\AndroidManifest.xml:27:5-29:38
33        android:name="android.permission.READ_EXTERNAL_STORAGE"
33-->src\main\AndroidManifest.xml:28:9-64
34        android:maxSdkVersion="18" />
34-->src\main\AndroidManifest.xml:29:9-35
35    <uses-permission
35-->src\main\AndroidManifest.xml:30:5-32:38
36        android:name="android.permission.WRITE_EXTERNAL_STORAGE"
36-->src\main\AndroidManifest.xml:31:9-65
37        android:maxSdkVersion="18" />
37-->src\main\AndroidManifest.xml:32:9-35
38
39    <application
39-->src\main\AndroidManifest.xml:34:5-130:19
40        android:name="com.example.store_keeper.store_keeper.ui.StoreApplication"
40-->src\main\AndroidManifest.xml:35:9-81
41        android:allowBackup="true"
41-->src\main\AndroidManifest.xml:36:9-35
42        android:debuggable="true"
43        android:icon="@mipmap/ic_launcher"
43-->src\main\AndroidManifest.xml:37:9-43
44        android:label="@string/app_name"
44-->src\main\AndroidManifest.xml:38:9-41
45        android:roundIcon="@mipmap/ic_launcher_round"
45-->src\main\AndroidManifest.xml:39:9-54
46        android:supportsRtl="true"
46-->src\main\AndroidManifest.xml:40:9-35
47        android:testOnly="true"
48        android:theme="@style/AppTheme" >
48-->src\main\AndroidManifest.xml:41:9-40
49
50        <!-- File Provider for the Images -->
51        <provider
52            android:name="android.support.v4.content.FileProvider"
52-->src\main\AndroidManifest.xml:45:13-67
53            android:authorities="com.example.store_keeper.storeapp.fileprovider"
53-->src\main\AndroidManifest.xml:46:13-64
54            android:exported="false"
54-->src\main\AndroidManifest.xml:47:13-37
55            android:grantUriPermissions="true" >
55-->src\main\AndroidManifest.xml:48:13-47
56            <meta-data
56-->src\main\AndroidManifest.xml:49:13-51:63
57                android:name="android.support.FILE_PROVIDER_PATHS"
57-->src\main\AndroidManifest.xml:50:17-67
58                android:resource="@xml/file_provider_paths" />
58-->src\main\AndroidManifest.xml:51:17-60
59        </provider>
60
61        <!-- Content Provider for the Database in the App -->
62        <provider
62-->src\main\AndroidManifest.xml:55:9-58:40
63            android:name="com.example.store_keeper.store_keeper.data.local.StoreContentProvider"
63-->src\main\AndroidManifest.xml:56:13-97
64            android:authorities="com.example.store_keeper.storeapp.provider"
64-->src\main\AndroidManifest.xml:57:13-77
65            android:exported="false" />
65-->src\main\AndroidManifest.xml:58:13-37
66
67        <!-- The Main Activity that displays all the Products, Suppliers and the Sales information -->
68        <activity
68-->src\main\AndroidManifest.xml:61:9-69:20
69            android:name="com.example.store_keeper.store_keeper.ui.MainActivity"
69-->src\main\AndroidManifest.xml:62:13-81
70            android:theme="@style/AppTheme.Main" >
70-->src\main\AndroidManifest.xml:63:13-49
71            <intent-filter>
71-->src\main\AndroidManifest.xml:64:13-68:29
72                <action android:name="android.intent.action.MAIN" />
72-->src\main\AndroidManifest.xml:65:17-69
72-->src\main\AndroidManifest.xml:65:25-66
73
74                <category android:name="android.intent.category.LAUNCHER" />
74-->src\main\AndroidManifest.xml:67:17-77
74-->src\main\AndroidManifest.xml:67:27-74
75            </intent-filter>
76        </activity>
77
78        <!-- The Product Config Activity that allows to register a Product into the catalog -->
79        <activity
79-->src\main\AndroidManifest.xml:72:9-76:55
80            android:name="com.example.store_keeper.store_keeper.ui.products.config.ProductConfigActivity"
80-->src\main\AndroidManifest.xml:73:13-106
81            android:label="@string/product_config_title_add_product"
81-->src\main\AndroidManifest.xml:74:13-69
82            android:theme="@style/AppTheme"
82-->src\main\AndroidManifest.xml:75:13-44
83            android:windowSoftInputMode="adjustPan" />
83-->src\main\AndroidManifest.xml:76:13-52
84
85        <!-- The Product Image Activity that allows to save/manage the images of the Product -->
86        <activity
86-->src\main\AndroidManifest.xml:79:9-90:20
87            android:name="com.example.store_keeper.store_keeper.ui.products.image.ProductImageActivity"
87-->src\main\AndroidManifest.xml:80:13-104
88            android:label="@string/product_image_title"
88-->src\main\AndroidManifest.xml:81:13-56
89            android:parentActivityName="com.example.store_keeper.store_keeper.ui.products.config.ProductConfigActivity"
89-->src\main\AndroidManifest.xml:82:13-120
90            android:theme="@style/AppTheme.ProductImage" >
90-->src\main\AndroidManifest.xml:83:13-57
91
92            <!-- Parent activity meta-data to support 4.0 and lower -->
93            <meta-data
93-->src\main\AndroidManifest.xml:87:13-89:147
94                android:name="android.support.PARENT_ACTIVITY"
94-->src\main\AndroidManifest.xml:88:17-63
95                android:value="com.example.store_keeper.storeapp.com.example.store_keeper.storekeeper.ui.products.config.ProductConfigActivity" />
95-->src\main\AndroidManifest.xml:89:17-144
96        </activity>
97
98        <!-- The Supplier Config Activity that allows to configure a Supplier -->
99        <activity
99-->src\main\AndroidManifest.xml:93:9-97:55
100            android:name="com.example.store_keeper.store_keeper.ui.suppliers.config.SupplierConfigActivity"
100-->src\main\AndroidManifest.xml:94:13-108
101            android:label="@string/supplier_config_title_add_supplier"
101-->src\main\AndroidManifest.xml:95:13-71
102            android:theme="@style/AppTheme"
102-->src\main\AndroidManifest.xml:96:13-44
103            android:windowSoftInputMode="adjustPan" />
103-->src\main\AndroidManifest.xml:97:13-52
104
105        <!-- The Supplier Product Picker Activity that allows to search and pick the Products to be sold by the Supplier -->
106        <activity
106-->src\main\AndroidManifest.xml:100:9-104:55
107            android:name="com.example.store_keeper.store_keeper.ui.suppliers.product.SupplierProductPickerActivity"
107-->src\main\AndroidManifest.xml:101:13-116
108            android:label="@string/supplier_product_picker_title"
108-->src\main\AndroidManifest.xml:102:13-66
109            android:theme="@style/AppTheme"
109-->src\main\AndroidManifest.xml:103:13-44
110            android:windowSoftInputMode="adjustPan" />
110-->src\main\AndroidManifest.xml:104:13-52
111
112        <!-- The Sales Config Activity that allows to update the inventory of the Product across its Suppliers -->
113        <activity
113-->src\main\AndroidManifest.xml:107:9-111:55
114            android:name="com.example.store_keeper.store_keeper.ui.inventory.config.SalesConfigActivity"
114-->src\main\AndroidManifest.xml:108:13-105
115            android:label="@string/sales_config_title_edit_sales"
115-->src\main\AndroidManifest.xml:109:13-66
116            android:theme="@style/AppTheme"
116-->src\main\AndroidManifest.xml:110:13-44
117            android:windowSoftInputMode="adjustPan" />
117-->src\main\AndroidManifest.xml:111:13-52
118
119        <!-- The Sales Procurement Activity that allows to place product procurement request with the Supplier -->
120        <activity
120-->src\main\AndroidManifest.xml:114:9-118:55
121            android:name="com.example.store_keeper.store_keeper.ui.inventory.procure.SalesProcurementActivity"
121-->src\main\AndroidManifest.xml:115:13-111
122            android:label="@string/sales_procurement_title"
122-->src\main\AndroidManifest.xml:116:13-60
123            android:theme="@style/AppTheme"
123-->src\main\AndroidManifest.xml:117:13-44
124            android:windowSoftInputMode="adjustPan" />
124-->src\main\AndroidManifest.xml:118:13-52
125
126        <!-- The About Activity of the App -->
127        <activity
127-->src\main\AndroidManifest.xml:121:9-123:47
128            android:name="com.example.store_keeper.store_keeper.ui.about.AboutActivity"
128-->src\main\AndroidManifest.xml:122:13-88
129            android:theme="@style/AppTheme" />
129-->src\main\AndroidManifest.xml:123:13-44
130
131        <!-- Preloaded Fonts used in the App -->
132        <meta-data
132-->src\main\AndroidManifest.xml:126:9-128:57
133            android:name="preloaded_fonts"
133-->src\main\AndroidManifest.xml:127:13-43
134            android:resource="@array/preloaded_fonts" />
134-->src\main\AndroidManifest.xml:128:13-54
135    </application>
136
137</manifest>